<?xml version="1.0" encoding="UTF-8"?>
<!-- Generated by org.testng.reporters.JUnitReportReporter -->
<testsuite skipped="0" hostname="DESKTOP-AOTV5IP" name="scripts.LoginScript" tests="1" failures="0" timestamp="2023-02-09T13:11:53 IST" time="8.285" errors="0">
  <testcase name="loginTest" time="8.285" classname="scripts.LoginScript"/>
  <system-out/>
</testsuite> <!-- scripts.LoginScript -->
